Charm++> No provisioning arguments specified. Running with a single PE.
         Use +auto-provision to fully subscribe resources or +p1 to silence this message.
Charm++: standalone mode (not using charmrun)
Charm++> Running in Multicore mode: 1 threads (PEs)
Charm++> Using recursive bisection (scheme 3) for topology aware partitions
Converse/Charm++ Commit ID: 
CharmLB> Load balancer assumes all CPUs are same.
Charm++> Running on 1 hosts (1 sockets x 6 cores x 2 PUs = 12-way SMP)
Charm++> cpu topology info is gathered in 0.000 seconds.
CharmLB> Load balancing instrumentation for communication is off.
Info: NAMD Git-2025-12-04 for Linux-x86_64-multicore
Info: 
Info: Please visit http://www.ks.uiuc.edu/Research/namd/
Info: for updates, documentation, and support information.
Info: 
Info: Please cite Phillips et al., J. Chem. Phys. 153:044130 (2020) doi:10.1063/5.0014475
Info: in all publications reporting results obtained with NAMD.
Info: 
Info: Based on Charm++/Converse 80000 for multicore-linux-x86_64-gcc
Info: Built Thu Dec 4 09:25:02 CST 2025 by dhardy on athine.ks.uiuc.edu
Info: Source code at Git commit ID b856a9378ca44bcf5aa708d4b681af4ceb86d8ca
Info: 1 NAMD  Git-2025-12-04  Linux-x86_64-multicore  1    CCBC-pc2-04-L  1620494@uab.cat
Info: Running on 1 processors, 1 nodes, 1 physical nodes.
Info: CPU topology information available.
Info: Charm++/Converse parallel runtime startup completed at 0.00265336 s
CkLoopLib is used in SMP with simple dynamic scheduling (converse-level notification)
Info: 27.7695 MB of memory in use based on /proc/self/stat
Info: Configuration file is ubq_ws_eq.conf
Info: Working in the current directory /home/UAB/1620494/Documents/namd-tutorial-files/1-2-sphere
TCL: Suspending until startup complete.
Warning: Option "1-4scaling" has been deprecated. Instead use "oneFourScaling".
Warning: The Langevin gamma parameters differ over the particles,
Warning: requiring extra work per step to constrain rigid bonds.
Info: SIMULATION PARAMETERS:
Info: TIMESTEP               2
Info: NUMBER OF STEPS        0
Info: STEPS PER CYCLE        10
Info: LOAD BALANCER  Centralized
Info: LOAD BALANCING STRATEGY  New Load Balancers -- DEFAULT
Info: LDB PERIOD             2000 steps
Info: FIRST LDB TIMESTEP     50
Info: LAST LDB TIMESTEP     -1
Info: LDB BACKGROUND SCALING 1
Info: HOM BACKGROUND SCALING 1
Info: MIN ATOMS PER PATCH    40
Info: EMPTY PATCH LOAD       40 ATOMS
Info: INITIAL TEMPERATURE    310
Info: CENTER OF MASS MOVING INITIALLY? NO
Info: DIELECTRIC             1
Info: EXCLUDE                SCALED ONE-FOUR
Info: 1-4 ELECTROSTATICS SCALED BY 1
Info: MODIFIED 1-4 VDW PARAMETERS WILL BE USED
Info: DCD FILENAME           sdf_ws_eq.dcd
Info: DCD FREQUENCY          250
Info: DCD FIRST STEP         250
Info: NO EXTENDED SYSTEM TRAJECTORY OUTPUT
Info: NO VELOCITY DCD OUTPUT
Info: NO FORCE DCD OUTPUT
Info: OUTPUT FILENAME        sdf_ws_eq
Info: BINARY OUTPUT FILES WILL BE USED
Info: RESTART FILENAME       sdf_ws_eq.restart
Info: RESTART FREQUENCY      500
Info: BINARY RESTART FILES WILL BE USED
Info: NAMD will save positions and velocities to sdf_ws_eq.crash.csv when  atoms are moving too fast.
Info: SWITCHING ACTIVE
Info: SWITCHING ON           10
Info: SWITCHING OFF          12
Info: PAIRLIST DISTANCE      14
Info: PAIRLIST SHRINK RATE   0.01
Info: PAIRLIST GROW RATE     0.01
Info: PAIRLIST TRIGGER       0.3
Info: PAIRLISTS PER CYCLE    2
Info: PAIRLISTS ENABLED
Info: MARGIN                 0
Info: HYDROGEN GROUP CUTOFF  2.5
Info: PATCH DIMENSION        16.5
Info: ENERGY OUTPUT STEPS    100
Info: ENERGY EVALUATION STEPS    100
Info: OUTPUT ENERGY PRECISION 4
Info: CROSSTERM ENERGY INCLUDED IN DIHEDRAL
Info: TIMING OUTPUT STEPS    1000
Info: SPHERICAL BOUNDARY CONDITIONS ACTIVE
Info: RADIUS #1              26
Info: FORCE CONSTANT #1      10
Info: EXPONENT #1            2
Info: SPHERE BOUNDARY CENTER(30.3082, 28.805, 15.354)
Info: LANGEVIN DYNAMICS ACTIVE
Info: LANGEVIN TEMPERATURE   310
Info: LANGEVIN USING BBK INTEGRATOR
Info: LANGEVIN DAMPING COEFFICIENT IS 1 INVERSE PS
Info: LANGEVIN DYNAMICS NOT APPLIED TO HYDROGENS
Info: MULTILEVEL SUMMATION METHOD (MSM) FOR ELECTROSTATICS ACTIVE
Info: MSM WITH C1 CUBIC INTERPOLATION AND C2 TAYLOR SPLITTING
Info: FULL ELECTROSTATIC EVALUATION FREQUENCY      2
Info: USING VERLET I (r-RESPA) MTS SCHEME.
Info: C1 SPLITTING OF LONG RANGE ELECTROSTATICS
Info: PLACING ATOMS IN PATCHES BY HYDROGEN GROUPS
Info: RIGID BONDS TO HYDROGEN : ALL
Info:         ERROR TOLERANCE : 1e-08
Info:          MAX ITERATIONS : 100
Info: RIGID WATER USING SETTLE ALGORITHM
Info: RANDOM NUMBER SEED     1780404746
Info: USE HYDROGEN BONDS?    NO
Info: COORDINATE PDB         ../common/ionized.pdb
Info: STRUCTURE FILE         ../common/ionized.psf
Info: PARAMETER file: CHARMM format! 
Info: PARAMETERS             ../common/par_all27_prot_lipid.inp
Info: PARAMETERS             ../common/par_all36m_prot.inp
Info: USING ARITHMETIC MEAN TO COMBINE L-J SIGMA PARAMETERS

Warning: DUPLICATE BOND ENTRY FOR CA-CPT
PREVIOUS VALUES  k=305  x0=1.368
   USING VALUES  k=300  x0=1.36

Warning: DUPLICATE BOND ENTRY FOR CPT-CPT
PREVIOUS VALUES  k=360  x0=1.4
   USING VALUES  k=360  x0=1.385

Warning: DUPLICATE BOND ENTRY FOR CPT-CY
PREVIOUS VALUES  k=350  x0=1.44
   USING VALUES  k=350  x0=1.43

Warning: DUPLICATE BOND ENTRY FOR CT2-CY
PREVIOUS VALUES  k=230  x0=1.51
   USING VALUES  k=375  x0=1.492

Warning: DUPLICATE BOND ENTRY FOR CPT-NY
PREVIOUS VALUES  k=270  x0=1.375
   USING VALUES  k=270  x0=1.37

Warning: DUPLICATE BOND ENTRY FOR H-NY
PREVIOUS VALUES  k=465  x0=0.976
   USING VALUES  k=537.5  x0=0.976

Warning: DUPLICATE BOND ENTRY FOR C-NC2
PREVIOUS VALUES  k=463  x0=1.365
   USING VALUES  k=450  x0=1.365

Warning: DUPLICATE BOND ENTRY FOR CT2-NC2
PREVIOUS VALUES  k=261  x0=1.49
   USING VALUES  k=390  x0=1.49

Warning: DUPLICATE BOND ENTRY FOR CT3-NC2
PREVIOUS VALUES  k=261  x0=1.49
   USING VALUES  k=390  x0=1.49

Warning: DUPLICATE ANGLE ENTRY FOR CA-CA-CPT
PREVIOUS VALUES  k=60  theta0=2.05949 k_ub=0 r_ub=0
   USING VALUES  k=50  theta0=1.97571 k_ub=0 r_ub=0

Warning: DUPLICATE ANGLE ENTRY FOR CA-CPT-CPT
PREVIOUS VALUES  k=60  theta0=2.1293 k_ub=0 r_ub=0
   USING VALUES  k=50  theta0=1.91986 k_ub=0 r_ub=0

Warning: DUPLICATE ANGLE ENTRY FOR CA-CY-CPT
PREVIOUS VALUES  k=120  theta0=1.87448 k_ub=25 r_ub=2.261
   USING VALUES  k=85  theta0=1.85703 k_ub=25 r_ub=2.261

Warning: DUPLICATE ANGLE ENTRY FOR CA-NY-CPT
PREVIOUS VALUES  k=110  theta0=1.88496 k_ub=0 r_ub=0
   USING VALUES  k=85  theta0=1.95477 k_ub=0 r_ub=0

Warning: DUPLICATE ANGLE ENTRY FOR CA-CY-CT2
PREVIOUS VALUES  k=45.8  theta0=2.25846 k_ub=0 r_ub=0
   USING VALUES  k=30  theta0=2.21657 k_ub=0 r_ub=0

Warning: DUPLICATE ANGLE ENTRY FOR CPT-CY-CT2
PREVIOUS VALUES  k=45.8  theta0=2.16421 k_ub=0 r_ub=0
   USING VALUES  k=30  theta0=2.21133 k_ub=0 r_ub=0

Warning: DUPLICATE ANGLE ENTRY FOR CA-CPT-CY
PREVIOUS VALUES  k=160  theta0=2.2794 k_ub=0 r_ub=0
   USING VALUES  k=130  theta0=2.33001 k_ub=0 r_ub=0

Warning: DUPLICATE ANGLE ENTRY FOR CPT-CPT-CY
PREVIOUS VALUES  k=110  theta0=1.87448 k_ub=0 r_ub=0
   USING VALUES  k=85  theta0=1.88496 k_ub=0 r_ub=0

Warning: DUPLICATE ANGLE ENTRY FOR CY-CA-NY
PREVIOUS VALUES  k=120  theta0=1.91986 k_ub=25 r_ub=2.24
   USING VALUES  k=85  theta0=1.92859 k_ub=25 r_ub=2.24

Warning: DUPLICATE ANGLE ENTRY FOR CA-CPT-NY
PREVIOUS VALUES  k=160  theta0=2.2794 k_ub=0 r_ub=0
   USING VALUES  k=130  theta0=2.2602 k_ub=0 r_ub=0

Warning: DUPLICATE ANGLE ENTRY FOR CPT-CPT-NY
PREVIOUS VALUES  k=110  theta0=1.87448 k_ub=0 r_ub=0
   USING VALUES  k=95  theta0=1.87448 k_ub=0 r_ub=0

Warning: DUPLICATE ANGLE ENTRY FOR NC2-C-NC2
PREVIOUS VALUES  k=52  theta0=2.0944 k_ub=90 r_ub=2.3642
   USING VALUES  k=40  theta0=2.0944 k_ub=70 r_ub=2.31

Warning: DUPLICATE DIHEDRAL ENTRY FOR CA-CPT-CPT-CA
PREVIOUS VALUES MULTIPLICITY: 1
  k=3.1  n=2  delta=3.14159Warning: IDENTICAL PERIODICITY! CA-CPT-CPT-CA REPLACING OLD VALUES BY:   k=3  n=2  delta=3.14159

Warning: DUPLICATE DIHEDRAL ENTRY FOR CA-CA-CA-CPT
PREVIOUS VALUES MULTIPLICITY: 1
  k=3.1  n=2  delta=3.14159Warning: IDENTICAL PERIODICITY! CA-CA-CA-CPT REPLACING OLD VALUES BY:   k=3  n=2  delta=3.14159

Warning: DUPLICATE DIHEDRAL ENTRY FOR CA-CA-CPT-CPT
PREVIOUS VALUES MULTIPLICITY: 1
  k=3.1  n=2  delta=3.14159Warning: IDENTICAL PERIODICITY! CA-CA-CPT-CPT REPLACING OLD VALUES BY:   k=3  n=2  delta=3.14159

Warning: DUPLICATE DIHEDRAL ENTRY FOR CA-CY-CPT-CPT
PREVIOUS VALUES MULTIPLICITY: 1
  k=4  n=2  delta=3.14159Warning: IDENTICAL PERIODICITY! CA-CY-CPT-CPT REPLACING OLD VALUES BY:   k=5  n=2  delta=3.14159

Warning: DUPLICATE DIHEDRAL ENTRY FOR CA-NY-CPT-CPT
PREVIOUS VALUES MULTIPLICITY: 1
  k=5  n=2  delta=3.14159Warning: IDENTICAL PERIODICITY! CA-NY-CPT-CPT REPLACING OLD VALUES BY:   k=6.5  n=2  delta=3.14159

Warning: DUPLICATE DIHEDRAL ENTRY FOR CA-CPT-CY-CT2
PREVIOUS VALUES MULTIPLICITY: 1
  k=3  n=2  delta=3.14159Warning: IDENTICAL PERIODICITY! CA-CPT-CY-CT2 REPLACING OLD VALUES BY:   k=2.5  n=2  delta=3.14159

Warning: DUPLICATE DIHEDRAL ENTRY FOR CPT-NY-CA-CY
PREVIOUS VALUES MULTIPLICITY: 1
  k=5  n=2  delta=3.14159Warning: IDENTICAL PERIODICITY! CPT-NY-CA-CY REPLACING OLD VALUES BY:   k=6  n=2  delta=3.14159

Warning: DUPLICATE DIHEDRAL ENTRY FOR CA-CA-CPT-CY
PREVIOUS VALUES MULTIPLICITY: 1
  k=3  n=2  delta=3.14159Warning: IDENTICAL PERIODICITY! CA-CA-CPT-CY REPLACING OLD VALUES BY:   k=4  n=2  delta=3.14159

Warning: DUPLICATE DIHEDRAL ENTRY FOR CA-CPT-CPT-CY
PREVIOUS VALUES MULTIPLICITY: 1
  k=10  n=2  delta=3.14159Warning: IDENTICAL PERIODICITY! CA-CPT-CPT-CY REPLACING OLD VALUES BY:   k=4  n=2  delta=3.14159

Warning: DUPLICATE DIHEDRAL ENTRY FOR CY-CA-NY-H
PREVIOUS VALUES MULTIPLICITY: 1
  k=0.8  n=2  delta=3.14159Warning: IDENTICAL PERIODICITY! CY-CA-NY-H REPLACING OLD VALUES BY:   k=0.05  n=2  delta=3.14159

Warning: DUPLICATE DIHEDRAL ENTRY FOR CA-CPT-NY-H
PREVIOUS VALUES MULTIPLICITY: 1
  k=0.8  n=2  delta=3.14159Warning: IDENTICAL PERIODICITY! CA-CPT-NY-H REPLACING OLD VALUES BY:   k=0.2  n=2  delta=3.14159

Warning: DUPLICATE DIHEDRAL ENTRY FOR CPT-CPT-NY-H
PREVIOUS VALUES MULTIPLICITY: 1
  k=0.8  n=2  delta=3.14159Warning: IDENTICAL PERIODICITY! CPT-CPT-NY-H REPLACING OLD VALUES BY:   k=0.85  n=2  delta=3.14159

Warning: DUPLICATE DIHEDRAL ENTRY FOR CY-CPT-CA-HP
PREVIOUS VALUES MULTIPLICITY: 1
  k=3  n=2  delta=3.14159Warning: IDENTICAL PERIODICITY! CY-CPT-CA-HP REPLACING OLD VALUES BY:   k=4  n=2  delta=3.14159

Warning: DUPLICATE DIHEDRAL ENTRY FOR CPT-CY-CA-HP
PREVIOUS VALUES MULTIPLICITY: 1
  k=2  n=2  delta=3.14159Warning: IDENTICAL PERIODICITY! CPT-CY-CA-HP REPLACING OLD VALUES BY:   k=2.8  n=2  delta=3.14159

Warning: DUPLICATE DIHEDRAL ENTRY FOR CPT-NY-CA-HP
PREVIOUS VALUES MULTIPLICITY: 1
  k=2  n=2  delta=3.14159Warning: IDENTICAL PERIODICITY! CPT-NY-CA-HP REPLACING OLD VALUES BY:   k=2.6  n=2  delta=3.14159

Warning: DUPLICATE DIHEDRAL ENTRY FOR CPT-CPT-CY-HP
PREVIOUS VALUES MULTIPLICITY: 1
  k=2.8  n=2  delta=3.14159Warning: IDENTICAL PERIODICITY! CPT-CPT-CY-HP REPLACING OLD VALUES BY:   k=2.6  n=2  delta=3.14159

Warning: DUPLICATE DIHEDRAL ENTRY FOR CPT-CY-CA-NY
PREVIOUS VALUES MULTIPLICITY: 1
  k=4  n=2  delta=3.14159Warning: IDENTICAL PERIODICITY! CPT-CY-CA-NY REPLACING OLD VALUES BY:   k=5  n=2  delta=3.14159

Warning: DUPLICATE DIHEDRAL ENTRY FOR CT2-CY-CA-NY
PREVIOUS VALUES MULTIPLICITY: 1
  k=3.5  n=2  delta=3.14159Warning: IDENTICAL PERIODICITY! CT2-CY-CA-NY REPLACING OLD VALUES BY:   k=2.5  n=2  delta=3.14159

Warning: DUPLICATE DIHEDRAL ENTRY FOR CA-CA-CPT-NY
PREVIOUS VALUES MULTIPLICITY: 1
  k=2.8  n=2  delta=3.14159Warning: IDENTICAL PERIODICITY! CA-CA-CPT-NY REPLACING OLD VALUES BY:   k=3  n=2  delta=3.14159

Warning: DUPLICATE DIHEDRAL ENTRY FOR CA-CPT-CPT-NY
PREVIOUS VALUES MULTIPLICITY: 1
  k=10  n=2  delta=3.14159Warning: IDENTICAL PERIODICITY! CA-CPT-CPT-NY REPLACING OLD VALUES BY:   k=4  n=2  delta=3.14159

Warning: DUPLICATE DIHEDRAL ENTRY FOR CY-CPT-CPT-NY
PREVIOUS VALUES MULTIPLICITY: 1
  k=5  n=2  delta=3.14159Warning: IDENTICAL PERIODICITY! CY-CPT-CPT-NY REPLACING OLD VALUES BY:   k=6.5  n=2  delta=3.14159

Warning: DUPLICATE DIHEDRAL ENTRY FOR CA-CY-CT2-CT3
PREVIOUS VALUES MULTIPLICITY: 1
  k=0.23  n=2  delta=3.14159Warning: IDENTICAL PERIODICITY! CA-CY-CT2-CT3 REPLACING OLD VALUES BY:   k=0.38  n=2  delta=0

Warning: DUPLICATE DIHEDRAL ENTRY FOR CPT-CY-CT2-CT3
PREVIOUS VALUES MULTIPLICITY: 1
  k=0.23  n=2  delta=3.14159Warning: IDENTICAL PERIODICITY! CPT-CY-CT2-CT3 REPLACING OLD VALUES BY:   k=0.25  n=2  delta=3.14159

Warning: DUPLICATE DIHEDRAL ENTRY FOR C-NH1-CT2-CC
PREVIOUS VALUES MULTIPLICITY: 1
  k=0.2  n=1  delta=3.14159Warning: IDENTICAL PERIODICITY! C-NH1-CT2-CC REPLACING OLD VALUES BY:   k=2  n=1  delta=3.14159

Warning: DUPLICATE DIHEDRAL ENTRY FOR C-NH1-CT2-CD
PREVIOUS VALUES MULTIPLICITY: 1
  k=0.2  n=1  delta=3.14159Warning: IDENTICAL PERIODICITY! C-NH1-CT2-CD REPLACING OLD VALUES BY:   k=2  n=1  delta=3.14159

Warning: DUPLICATE DIHEDRAL ENTRY FOR CT2-CT2-CT2-CT2
PREVIOUS VALUES MULTIPLICITY: 1
  k=0.15  n=1  delta=0INCREASING MULTIPLICITY TO: 2
  k=0.1  n=2  delta=3.14159

Warning: DUPLICATE DIHEDRAL ENTRY FOR CT2-CT2-CT2-CT3
PREVIOUS VALUES MULTIPLICITY: 1
  k=0.15  n=1  delta=0INCREASING MULTIPLICITY TO: 2
  k=0.1  n=2  delta=3.14159

Warning: DUPLICATE DIHEDRAL ENTRY FOR NH1-C-CT2-NH3
PREVIOUS VALUES MULTIPLICITY: 1
  k=0.4  n=1  delta=0Warning: IDENTICAL PERIODICITY! NH1-C-CT2-NH3 REPLACING OLD VALUES BY:   k=1  n=1  delta=0

Warning: DUPLICATE DIHEDRAL ENTRY FOR X-CT2-CT2-X
PREVIOUS VALUES MULTIPLICITY: 1
  k=0.195  n=3  delta=0Warning: IDENTICAL PERIODICITY! X-CT2-CT2-X REPLACING OLD VALUES BY:   k=0.19  n=3  delta=0

Warning: DUPLICATE DIHEDRAL ENTRY FOR X-CT3-CT3-X
PREVIOUS VALUES MULTIPLICITY: 1
  k=0.155  n=3  delta=0Warning: IDENTICAL PERIODICITY! X-CT3-CT3-X REPLACING OLD VALUES BY:   k=0.1525  n=3  delta=0

Warning: DUPLICATE DIHEDRAL ENTRY FOR CT1-CT2-S-HS
PREVIOUS VALUES MULTIPLICITY: 1
  k=0.24  n=1  delta=0Warning: IDENTICAL PERIODICITY! CT1-CT2-S-HS REPLACING OLD VALUES BY:   k=0.2  n=1  delta=0
Warning: IDENTICAL PERIODICITY! CT1-CT2-S-HS REPLACING OLD VALUES BY:   k=0.65  n=2  delta=0
Warning: IDENTICAL PERIODICITY! CT1-CT2-S-HS REPLACING OLD VALUES BY:   k=0.22  n=3  delta=0

Warning: DUPLICATE DIHEDRAL ENTRY FOR CPH1-CPH1-CT2-CT1
PREVIOUS VALUES MULTIPLICITY: 1
  k=0.2  n=1  delta=0Warning: IDENTICAL PERIODICITY! CPH1-CPH1-CT2-CT1 REPLACING OLD VALUES BY:   k=1.74  n=1  delta=0
Warning: IDENTICAL PERIODICITY! CPH1-CPH1-CT2-CT1 REPLACING OLD VALUES BY:   k=0.15  n=2  delta=0
Warning: IDENTICAL PERIODICITY! CPH1-CPH1-CT2-CT1 REPLACING OLD VALUES BY:   k=0.77  n=3  delta=3.14159

Warning: DUPLICATE DIHEDRAL ENTRY FOR CT1-CT2-CPH1-NR1
PREVIOUS VALUES MULTIPLICITY: 1
  k=0.19  n=3  delta=0INCREASING MULTIPLICITY TO: 2
  k=1.49  n=1  delta=0
Warning: IDENTICAL PERIODICITY! CT1-CT2-CPH1-NR1 REPLACING OLD VALUES BY:   k=0.79  n=3  delta=3.14159

Warning: DUPLICATE DIHEDRAL ENTRY FOR CT1-CT2-CPH1-NR2
PREVIOUS VALUES MULTIPLICITY: 1
  k=0.19  n=3  delta=0INCREASING MULTIPLICITY TO: 2
  k=1.09  n=1  delta=0
Warning: IDENTICAL PERIODICITY! CT1-CT2-CPH1-NR2 REPLACING OLD VALUES BY:   k=0.67  n=3  delta=3.14159

Warning: DUPLICATE DIHEDRAL ENTRY FOR CA-CA-CT2-CT1
PREVIOUS VALUES MULTIPLICITY: 1
  k=0.23  n=2  delta=3.14159INCREASING MULTIPLICITY TO: 2
  k=1.07  n=1  delta=0
Warning: IDENTICAL PERIODICITY! CA-CA-CT2-CT1 REPLACING OLD VALUES BY:   k=0.24  n=2  delta=3.14159

Warning: DUPLICATE DIHEDRAL ENTRY FOR C-CT1-CT2-CA
PREVIOUS VALUES MULTIPLICITY: 1
  k=0.04  n=3  delta=0INCREASING MULTIPLICITY TO: 2
  k=1.28  n=1  delta=3.14159
Warning: IDENTICAL PERIODICITY! C-CT1-CT2-CA REPLACING OLD VALUES BY:   k=1.57  n=3  delta=3.14159

Warning: DUPLICATE DIHEDRAL ENTRY FOR CT1-CT2-OH1-H
PREVIOUS VALUES MULTIPLICITY: 1
  k=1.3  n=1  delta=0Warning: IDENTICAL PERIODICITY! CT1-CT2-OH1-H REPLACING OLD VALUES BY:   k=0.02  n=1  delta=0
Warning: IDENTICAL PERIODICITY! CT1-CT2-OH1-H REPLACING OLD VALUES BY:   k=0.56  n=2  delta=0
Warning: IDENTICAL PERIODICITY! CT1-CT2-OH1-H REPLACING OLD VALUES BY:   k=0.49  n=3  delta=0

Warning: DUPLICATE DIHEDRAL ENTRY FOR CT1-CT1-OH1-H
PREVIOUS VALUES MULTIPLICITY: 1
  k=1.33  n=1  delta=0Warning: IDENTICAL PERIODICITY! CT1-CT1-OH1-H REPLACING OLD VALUES BY:   k=0.18  n=1  delta=0
Warning: IDENTICAL PERIODICITY! CT1-CT1-OH1-H REPLACING OLD VALUES BY:   k=0.06  n=2  delta=0
Warning: IDENTICAL PERIODICITY! CT1-CT1-OH1-H REPLACING OLD VALUES BY:   k=0.25  n=3  delta=0

Warning: DUPLICATE DIHEDRAL ENTRY FOR CA-CY-CT2-CT1
PREVIOUS VALUES MULTIPLICITY: 1
  k=0.23  n=2  delta=3.14159INCREASING MULTIPLICITY TO: 2
  k=0.03  n=1  delta=0
Warning: IDENTICAL PERIODICITY! CA-CY-CT2-CT1 REPLACING OLD VALUES BY:   k=0.55  n=2  delta=0

Warning: DUPLICATE DIHEDRAL ENTRY FOR CPT-CY-CT2-CT1
PREVIOUS VALUES MULTIPLICITY: 1
  k=0.23  n=2  delta=3.14159INCREASING MULTIPLICITY TO: 2
  k=0.36  n=1  delta=3.14159
Warning: IDENTICAL PERIODICITY! CPT-CY-CT2-CT1 REPLACING OLD VALUES BY:   k=0.05  n=2  delta=0

Warning: DUPLICATE IMPROPER DIHEDRAL ENTRY FOR C-X-X-NC2
PREVIOUS VALUES MULTIPLICITY 1
  k=40  n=0  delta=0
USING VALUES MULTIPLICITY 1
  k=45  n=0  delta=0
Warning: DUPLICATE CMAP ENTRY FOR C-CT1-NH1-C NH1-C-CT1-NH1, USING NEW VALUES

Warning: DUPLICATE CMAP ENTRY FOR C-CT1-NH1-C N-C-CT1-NH1, USING NEW VALUES

Warning: DUPLICATE CMAP ENTRY FOR C-CP1-N-C N-CP1-C-NH1, USING NEW VALUES

Warning: DUPLICATE CMAP ENTRY FOR C-CP1-N-C N-C-CP1-N, USING NEW VALUES

Warning: DUPLICATE CMAP ENTRY FOR C-CT2-NH1-C NH1-C-CT2-NH1, USING NEW VALUES

Warning: DUPLICATE CMAP ENTRY FOR C-CT2-NH1-C N-C-CT2-NH1, USING NEW VALUES
Warning: DUPLICATE vdW ENTRY FOR CPT
PREVIOUS VALUES  sigma=3.20724 epsilon=0.09 sigma14=3.38542 epsilon14=0.09
   USING VALUES  sigma=3.31414 epsilon=0.099 sigma14=3.31414 epsilon14=0.099
Warning: DUPLICATE vdW ENTRY FOR CY
PREVIOUS VALUES  sigma=3.55005 epsilon=0.07 sigma14=3.55005 epsilon14=0.07
   USING VALUES  sigma=3.54578 epsilon=0.073 sigma14=3.54578 epsilon14=0.073
Warning: DUPLICATE vdW ENTRY FOR CT1
PREVIOUS VALUES  sigma=4.05359 epsilon=0.02 sigma14=3.38542 epsilon14=0.01
   USING VALUES  sigma=3.56359 epsilon=0.032 sigma14=3.38542 epsilon14=0.01
Warning: DUPLICATE vdW ENTRY FOR CT2
PREVIOUS VALUES  sigma=3.87541 epsilon=0.055 sigma14=3.38542 epsilon14=0.01
   USING VALUES  sigma=3.58141 epsilon=0.056 sigma14=3.38542 epsilon14=0.01
Warning: DUPLICATE vdW ENTRY FOR CT3
PREVIOUS VALUES  sigma=3.6705 epsilon=0.08 sigma14=3.38542 epsilon14=0.01
   USING VALUES  sigma=3.63487 epsilon=0.078 sigma14=3.38542 epsilon14=0.01
Warning: DUPLICATE vdW ENTRY FOR HA1
PREVIOUS VALUES  sigma=2.35197 epsilon=0.022 sigma14=2.35197 epsilon14=0.022
   USING VALUES  sigma=2.38761 epsilon=0.045 sigma14=2.38761 epsilon14=0.045
Warning: DUPLICATE vdW ENTRY FOR HA2
PREVIOUS VALUES  sigma=2.38761 epsilon=0.028 sigma14=2.38761 epsilon14=0.028
   USING VALUES  sigma=2.38761 epsilon=0.034 sigma14=2.38761 epsilon14=0.034
Info: SUMMARY OF PARAMETERS:
Info: 312 BONDS
Info: 811 ANGLES
Info: 1272 DIHEDRAL
Info: 81 IMPROPER
Info: 12 CROSSTERM
Info: 172 VDW
Info: 1 VDW_PAIRS
Info: 0 NBTHOLE_PAIRS
Info: TIME FOR READING PSF FILE: 0.00866541
Info: Reading pdb file ../common/ionized.pdb
Info: TIME FOR READING PDB FILE: 0.00450901
Info: 
Info: ****************************
Info: STRUCTURE SUMMARY:
Info: 7384 ATOMS
Info: 5305 BONDS
Info: 4154 ANGLES
Info: 3043 DIHEDRALS
Info: 204 IMPROPERS
Info: 65 CROSSTERMS
Info: 0 EXCLUSIONS
Info: 6826 RIGID BONDS
Info: 15326 DEGREES OF FREEDOM
Info: 2642 HYDROGEN GROUPS
Info: 4 ATOMS IN LARGEST HYDROGEN GROUP
Info: 2642 MIGRATION GROUPS
Info: 4 ATOMS IN LARGEST MIGRATION GROUP
Info: TOTAL MASS = 45667 amu
Info: TOTAL CHARGE = 7.95349e-07 e
Info: *****************************
Info: 
Info: Entering startup at 0.0293353 s, 0.435843 MB of memory in use
Info: Startup phase 0 took 2.0718e-05 s, 0.435843 MB of memory in use
Info: ADDED 12452 IMPLICIT EXCLUSIONS
Info: Startup phase 1 took 0.00309464 s, 0.435843 MB of memory in use
Info: NONBONDED TABLE R-SQUARED SPACING: 0.0625
Info: NONBONDED TABLE SIZE: 769 POINTS
Info: INCONSISTENCY IN FAST TABLE ENERGY VS FORCE: 0.000325096 AT 11.9556
Info: INCONSISTENCY IN SCOR TABLE ENERGY VS FORCE: 3.42196e-09 AT 0.0732877
Info: INCONSISTENCY IN VDWA TABLE ENERGY VS FORCE: 0.0040507 AT 0.251946
Info: INCONSISTENCY IN VDWB TABLE ENERGY VS FORCE: 0.00150189 AT 0.251946
Info: Startup phase 2 took 0.000481852 s, 0.435843 MB of memory in use
Info: Startup phase 3 took 1.4888e-05 s, 0.435843 MB of memory in use
Info: Startup phase 4 took 1.0783e-05 s, 0.435843 MB of memory in use
Info: Startup phase 5 took 8.5e-06 s, 0.435843 MB of memory in use
Info: PATCH GRID IS 4 BY 4 BY 4
Info: PATCH GRID IS 1-AWAY BY 1-AWAY BY 1-AWAY
Info: REMOVING COM VELOCITY 0.06057 -0.118824 -0.0759374
Info: LARGEST PATCH (25) HAS 421 ATOMS
Info: TORUS A SIZE 1 USING 0
Info: TORUS B SIZE 1 USING 0
Info: TORUS C SIZE 1 USING 0
Info: TORUS MINIMAL MESH SIZE IS 1 BY 1 BY 1
Info: Placed 100% of base nodes on same physical node as patch
Info: Startup phase 6 took 0.00103018 s, 0.435843 MB of memory in use
Info: MSM extending minimum X to -5 A
Info: MSM extending maximum Y to 60 A
Info: MSM extending maximum Z to 46 A
Info: MSM using C1 cubic interpolation
Info: MSM using C2 Taylor splitting function
Info: MSM block size decomposition along X is 8 grid points
Info: MSM block size decomposition along Y is 8 grid points
Info: MSM block size decomposition along Z is 8 grid points
Info: MSM grid spacing is 2.5 A
Info: MSM non-periodic padding is 2.5 A
Info: MSM using 4 levels
Info:     level 0:  [-1..41] x [-1..39] x [-1..33]
Info:     level 1:  [-2..22] x [-2..21] x [-2..18]
Info:     level 2:  [-2..12] x [-2..12] x [-2..10]
Info:     level 3:  [-2..7] x [-2..7] x [-2..6]
Info: MSM finished calculating stencils
Info: MSM finished creating map for grid levels
Info: MSM finished creating map for patches
Info: MSM has 64 interpolation / anterpolation objects (one per patch)
Info: Startup phase 7 took 0.0015534 s, 0.435843 MB of memory in use
Info: Startup phase 8 took 1.6112e-05 s, 0.435843 MB of memory in use
Info: Startup phase 9 took 9.687e-06 s, 0.435843 MB of memory in use
Info: Startup phase 10 took 9.588e-06 s, 0.435843 MB of memory in use
Using MsmBlockMap for level 0
Using MsmBlockMap for level 1
Using MsmBlockMap for level 2
Using MsmBlockMap for level 3
Using MsmGridCutoffMap
Info: MSM grid level 0 decomposed into 180 blocks ( 6 x 6 x 5 )
Info: MSM grid level 1 decomposed into 36 blocks ( 4 x 3 x 3 )
Info: MSM grid level 2 decomposed into 8 blocks ( 2 x 2 x 2 )
Info: MSM grid level 3 decomposed into 8 blocks ( 2 x 2 x 2 )
Info: MSM grid cutoff calculation decomposed into 9286 work objects
Info: Startup phase 11 took 0.0229974 s, 0.435843 MB of memory in use
LDB: Central LB being created...
Info: Startup phase 12 took 9.8388e-05 s, 0.435843 MB of memory in use
Info: Startup phase 13 took 1.3456e-05 s, 0.435843 MB of memory in use
Info: Startup phase 14 took 9.835e-06 s, 0.435843 MB of memory in use
Info: Startup phase 15 took 8.753e-06 s, 0.435843 MB of memory in use
Info: CREATING 922 COMPUTE OBJECTS
Info: Startup phase 16 took 0.000996201 s, 0.435843 MB of memory in use
Info: Startup phase 17 took 2.4779e-05 s, 0.435843 MB of memory in use
Info: Startup phase 18 took 9.6638e-05 s, 0.435843 MB of memory in use
Info: Finished startup at 0.0598311 s, 0.435843 MB of memory in use

TCL: Minimizing for 100 steps
ETITLE:      TS           BOND          ANGLE          DIHED          IMPRP               ELECT            VDW       BOUNDARY           MISC        KINETIC               TOTAL           TEMP      POTENTIAL         TOTAL3        TEMPAVG

ENERGY:       0       177.6338       160.8639       811.8986         0.2569         -19062.4291      1963.4558  35148427.8958         0.0000         0.0000       35132479.5757         0.0000  35132479.5757  35132479.5757         0.0000

MINIMIZER STARTING CONJUGATE GRADIENT ALGORITHM
LINE MINIMIZER REDUCING GRADIENT FROM 1.40842e+09 TO 1.40842e+06
ENERGY:       1       132.1398       149.6713       809.9214         0.2965         -19177.7179      2042.2472  34978440.4454         0.0000         0.0000       34962397.0037         0.0000  34962397.0037  34962397.0037         0.0000

MINIMIZER RESTARTING CONJUGATE GRADIENT ALGORITHM DUE TO POOR PROGRESS
LINE MINIMIZER REDUCING GRADIENT FROM 1.39914e+09 TO 1.39914e+06
ENERGY:       2       106.0702       144.9435       808.8040         0.4583         -19292.8318      2125.6080  34808858.1060         0.0000         0.0000       34792751.1583         0.0000  34792751.1583  34792751.1583         0.0000

MINIMIZER RESTARTING CONJUGATE GRADIENT ALGORITHM DUE TO POOR PROGRESS
LINE MINIMIZER REDUCING GRADIENT FROM 1.39213e+09 TO 1.39213e+06
ENERGY:       3        92.0834       143.8568       807.8314         0.7102         -19407.9553      2213.0121  34639676.2733         0.0000         0.0000       34623525.8118         0.0000  34623525.8118  34623525.8118         0.0000

MINIMIZER RESTARTING CONJUGATE GRADIENT ALGORITHM DUE TO POOR PROGRESS
LINE MINIMIZER REDUCING GRADIENT FROM 1.38521e+09 TO 1.38521e+06
ENERGY:       4        85.7982       144.8789       806.9777         1.0286         -19523.1932      2304.1435  34470891.0484         0.0000         0.0000       34454710.6823         0.0000  34454710.6823  34454710.6823         0.0000

MINIMIZER RESTARTING CONJUGATE GRADIENT ALGORITHM DUE TO POOR PROGRESS
LINE MINIMIZER REDUCING GRADIENT FROM 1.37833e+09 TO 1.37833e+06
ENERGY:       5        84.5711       147.1746       806.2213         1.3948         -19638.5918      2398.7538  34302499.2728         0.0000         0.0000       34286298.7966         0.0000  34286298.7966  34286298.7966         0.0000

MINIMIZER RESTARTING CONJUGATE GRADIENT ALGORITHM DUE TO POOR PROGRESS
LINE MINIMIZER REDUCING GRADIENT FROM 1.3715e+09 TO 1.3715e+06
ENERGY:       6        86.7849       150.2586       805.5433         1.7950         -19754.1341      2496.6924  34134498.1958         0.0000         0.0000       34118285.1358         0.0000  34118285.1358  34118285.1358         0.0000

MINIMIZER RESTARTING CONJUGATE GRADIENT ALGORITHM DUE TO POOR PROGRESS
LINE MINIMIZER REDUCING GRADIENT FROM 1.36469e+09 TO 1.36469e+06
ENERGY:       7        91.4299       153.8745       804.9326         2.2172         -19869.9017      2597.8710  33966889.3118         0.0000         0.0000       33950669.7352         0.0000  33950669.7352  33950669.7352         0.0000

MINIMIZER RESTARTING CONJUGATE GRADIENT ALGORITHM DUE TO POOR PROGRESS
LINE MINIMIZER REDUCING GRADIENT FROM 1.35791e+09 TO 1.35791e+06
ENERGY:       8        97.8604       157.8409       804.3899         2.6517         -19985.8603      2702.2569  33799668.5888         0.0000         0.0000       33783447.7283         0.0000  33783447.7283  33783447.7283         0.0000

MINIMIZER RESTARTING CONJUGATE GRADIENT ALGORITHM DUE TO POOR PROGRESS
LINE MINIMIZER REDUCING GRADIENT FROM 1.35115e+09 TO 1.35115e+06
ENERGY:       9       105.6515       162.0729       803.9001         3.0928         -20102.0877      2809.8207  33632837.0442         0.0000         0.0000       33616619.4945         0.0000  33616619.4945  33616619.4945         0.0000

LDB: ============= START OF LOAD BALANCING ============== 1.28541
LDB: ============== END OF LOAD BALANCING =============== 1.28542
LDB: =============== DONE WITH MIGRATION ================ 1.28555
MINIMIZER RESTARTING CONJUGATE GRADIENT ALGORITHM DUE TO POOR PROGRESS
LINE MINIMIZER REDUCING GRADIENT FROM 1.34441e+09 TO 1.34441e+06
ETITLE:      TS           BOND          ANGLE          DIHED          IMPRP               ELECT            VDW       BOUNDARY           MISC        KINETIC               TOTAL           TEMP      POTENTIAL         TOTAL3        TEMPAVG

ENERGY:      10       114.5123       166.5070       803.4600         3.5350         -20218.6361      2920.6463  33466394.5905         0.0000         0.0000       33450184.6151         0.0000  33450184.6151  33450184.6151         0.0000

MINIMIZER RESTARTING CONJUGATE GRADIENT ALGORITHM DUE TO POOR PROGRESS
LINE MINIMIZER REDUCING GRADIENT FROM 1.33768e+09 TO 1.33768e+06
ENERGY:      11       124.2360       171.0962       803.0605         3.9746         -20335.3751      3034.6435  33300338.2565         0.0000         0.0000       33284139.8922         0.0000  33284139.8922  33284139.8922         0.0000

MINIMIZER RESTARTING CONJUGATE GRADIENT ALGORITHM DUE TO POOR PROGRESS
LINE MINIMIZER REDUCING GRADIENT FROM 1.33098e+09 TO 1.33098e+06
ENERGY:      12       134.6708       175.8153       802.6712         4.4064         -20452.3889      3151.8396  33134669.8801         0.0000         0.0000       33118486.8945         0.0000  33118486.8945  33118486.8945         0.0000

MINIMIZER RESTARTING CONJUGATE GRADIENT ALGORITHM DUE TO POOR PROGRESS
LINE MINIMIZER REDUCING GRADIENT FROM 1.32429e+09 TO 1.32429e+06
ENERGY:      13       145.7020       180.6575       802.3384         4.8307         -20569.5253      3272.1581  32969395.8654         0.0000         0.0000       32953232.0267         0.0000  32953232.0267  32953232.0267         0.0000

MINIMIZER RESTARTING CONJUGATE GRADIENT ALGORITHM DUE TO POOR PROGRESS
LINE MINIMIZER REDUCING GRADIENT FROM 1.31762e+09 TO 1.31762e+06
ENERGY:      14       157.2384       185.6175       802.0360         5.2468         -20686.9952      3395.7020  32804529.6047         0.0000         0.0000       32788388.4502         0.0000  32788388.4502  32788388.4502         0.0000

MINIMIZER RESTARTING CONJUGATE GRADIENT ALGORITHM DUE TO POOR PROGRESS
LINE MINIMIZER REDUCING GRADIENT FROM 1.31096e+09 TO 1.31096e+06
ENERGY:      15       169.2109       190.6941       801.7607         5.6545         -20804.7828      3522.4919  32640071.8167         0.0000         0.0000       32623956.8459         0.0000  32623956.8459  32623956.8459         0.0000

MINIMIZER RESTARTING CONJUGATE GRADIENT ALGORITHM DUE TO POOR PROGRESS
LINE MINIMIZER REDUCING GRADIENT FROM 1.30432e+09 TO 1.30432e+06
ENERGY:      16       181.5638       195.8889       801.5138         6.0563         -20922.8621      3652.5620  32476020.9049         0.0000         0.0000       32459935.6277         0.0000  32459935.6277  32459935.6277         0.0000

MINIMIZER RESTARTING CONJUGATE GRADIENT ALGORITHM DUE TO POOR PROGRESS
LINE MINIMIZER REDUCING GRADIENT FROM 1.2977e+09 TO 1.2977e+06
ENERGY:      17       194.2528       201.1931       801.2905         6.4467         -21041.1650      3785.9199  32312375.8419         0.0000         0.0000       32296323.7799         0.0000  32296323.7799  32296323.7799         0.0000

MINIMIZER RESTARTING CONJUGATE GRADIENT ALGORITHM DUE TO POOR PROGRESS
LINE MINIMIZER REDUCING GRADIENT FROM 1.29109e+09 TO 1.29109e+06
ENERGY:      18       207.2412       206.6285       801.0931         6.8318         -21159.8249      3922.6291  32149139.5231         0.0000         0.0000       32133124.1219         0.0000  32133124.1219  32133124.1219         0.0000

MINIMIZER RESTARTING CONJUGATE GRADIENT ALGORITHM DUE TO POOR PROGRESS
LINE MINIMIZER REDUCING GRADIENT FROM 1.2845e+09 TO 1.2845e+06
ENERGY:      19       220.4997       212.2104       800.9167         7.2084         -21278.8066      4062.7089  31986309.1832         0.0000         0.0000       31970333.9206         0.0000  31970333.9206  31970333.9206         0.0000

MINIMIZER RESTARTING CONJUGATE GRADIENT ALGORITHM DUE TO POOR PROGRESS
LINE MINIMIZER REDUCING GRADIENT FROM 1.27793e+09 TO 1.27793e+06
ETITLE:      TS           BOND          ANGLE          DIHED          IMPRP               ELECT            VDW       BOUNDARY           MISC        KINETIC               TOTAL           TEMP      POTENTIAL         TOTAL3        TEMPAVG

ENERGY:      20       234.0063       217.9304       800.7615         7.5770         -21398.1146      4206.2198  31823883.5436         0.0000         0.0000       31807951.9241         0.0000  31807951.9241  31807951.9241         0.0000

MINIMIZER RESTARTING CONJUGATE GRADIENT ALGORITHM DUE TO POOR PROGRESS
LINE MINIMIZER REDUCING GRADIENT FROM 1.27137e+09 TO 1.27137e+06
ENERGY:      21       247.7410       223.8078       800.6259         7.9383         -21517.7025      4353.2022  31661862.2818         0.0000         0.0000       31645977.8945         0.0000  31645977.8945  31645977.8945         0.0000

MINIMIZER RESTARTING CONJUGATE GRADIENT ALGORITHM DUE TO POOR PROGRESS
LINE MINIMIZER REDUCING GRADIENT FROM 1.26483e+09 TO 1.26483e+06
ENERGY:      22       261.6897       229.8365       800.5089         8.2932         -21637.5848      4503.6975  31500245.4226         0.0000         0.0000       31484411.8635         0.0000  31484411.8635  31484411.8635         0.0000

MINIMIZER RESTARTING CONJUGATE GRADIENT ALGORITHM DUE TO POOR PROGRESS
LINE MINIMIZER REDUCING GRADIENT FROM 1.2583e+09 TO 1.2583e+06
ENERGY:      23       275.8390       236.0504       800.4113         8.6426         -21757.7678      4657.7324  31339032.5298         0.0000         0.0000       31323253.4377         0.0000  31323253.4377  31323253.4377         0.0000

MINIMIZER RESTARTING CONJUGATE GRADIENT ALGORITHM DUE TO POOR PROGRESS
LINE MINIMIZER REDUCING GRADIENT FROM 1.25179e+09 TO 1.25179e+06
ENERGY:      24       290.1810       242.4509       800.3269         8.9875         -21878.1870      4815.2603  31178224.2591         0.0000         0.0000       31162503.2787         0.0000  31162503.2787  31162503.2787         0.0000

MINIMIZER RESTARTING CONJUGATE GRADIENT ALGORITHM DUE TO POOR PROGRESS
LINE MINIMIZER REDUCING GRADIENT FROM 1.2453e+09 TO 1.2453e+06
ENERGY:      25       304.7074       249.0209       800.2411         9.3283         -21998.7614      4976.4373  31017817.2593         0.0000         0.0000       31002158.2330         0.0000  31002158.2330  31002158.2330         0.0000

MINIMIZER RESTARTING CONJUGATE GRADIENT ALGORITHM DUE TO POOR PROGRESS
LINE MINIMIZER REDUCING GRADIENT FROM 1.23882e+09 TO 1.23882e+06
ENERGY:      26       319.4105       255.7962       800.1721         9.6662         -22119.5948      5141.3136  30857815.6461         0.0000         0.0000       30842222.4099         0.0000  30842222.4099  30842222.4099         0.0000

MINIMIZER RESTARTING CONJUGATE GRADIENT ALGORITHM DUE TO POOR PROGRESS
LINE MINIMIZER REDUCING GRADIENT FROM 1.23235e+09 TO 1.23235e+06
ENERGY:      27       334.2873       262.7720       800.1203        10.0020         -22240.8615      5309.9261  30698215.3329         0.0000         0.0000       30682691.5790         0.0000  30682691.5790  30682691.5790         0.0000

MINIMIZER RESTARTING CONJUGATE GRADIENT ALGORITHM DUE TO POOR PROGRESS
LINE MINIMIZER REDUCING GRADIENT FROM 1.2259e+09 TO 1.2259e+06
ENERGY:      28       349.3344       269.9480       800.0857        10.3366         -22362.2608      5482.3268  30539015.1098         0.0000         0.0000       30523564.8804         0.0000  30523564.8804  30523564.8804         0.0000

MINIMIZER RESTARTING CONJUGATE GRADIENT ALGORITHM DUE TO POOR PROGRESS
LINE MINIMIZER REDUCING GRADIENT FROM 1.21947e+09 TO 1.21947e+06
ENERGY:      29       364.5495       277.3018       800.0684        10.6708         -22483.7472      5658.3937  30380216.2919         0.0000         0.0000       30364843.5288         0.0000  30364843.5288  30364843.5288         0.0000

MINIMIZER RESTARTING CONJUGATE GRADIENT ALGORITHM DUE TO POOR PROGRESS
LINE MINIMIZER REDUCING GRADIENT FROM 1.21305e+09 TO 1.21305e+06
ETITLE:      TS           BOND          ANGLE          DIHED          IMPRP               ELECT            VDW       BOUNDARY           MISC        KINETIC               TOTAL           TEMP      POTENTIAL         TOTAL3        TEMPAVG

ENERGY:      30       379.9316       284.8757       800.0673        11.0055         -22605.7129      5838.3472  30221819.3690         0.0000         0.0000       30206527.8833         0.0000  30206527.8833  30206527.8833         0.0000

MINIMIZER RESTARTING CONJUGATE GRADIENT ALGORITHM DUE TO POOR PROGRESS
LINE MINIMIZER REDUCING GRADIENT FROM 1.20665e+09 TO 1.20665e+06
ENERGY:      31       395.4797       292.6758       800.0819        11.3415         -22727.8883      6022.2304  30063821.4092         0.0000         0.0000       30048615.3302         0.0000  30048615.3302  30048615.3302         0.0000

MINIMIZER RESTARTING CONJUGATE GRADIENT ALGORITHM DUE TO POOR PROGRESS
LINE MINIMIZER REDUCING GRADIENT FROM 1.20026e+09 TO 1.20026e+06
ENERGY:      32       411.1939       300.7108       800.1135        11.6794         -22850.3838      6210.0644  29906221.7463         0.0000         0.0000       29891105.1246         0.0000  29891105.1246  29891105.1246         0.0000

MINIMIZER RESTARTING CONJUGATE GRADIENT ALGORITHM DUE TO POOR PROGRESS
LINE MINIMIZER REDUCING GRADIENT FROM 1.19389e+09 TO 1.19389e+06
ENERGY:      33       427.0738       308.9795       800.1604        12.0185         -22972.8996      6401.9290  29749018.4374         0.0000         0.0000       29733995.6989         0.0000  29733995.6989  29733995.6989         0.0000

MINIMIZER RESTARTING CONJUGATE GRADIENT ALGORITHM DUE TO POOR PROGRESS
LINE MINIMIZER REDUCING GRADIENT FROM 1.18753e+09 TO 1.18753e+06
ENERGY:      34       443.1198       317.4843       800.2241        12.3606         -23095.6660      6597.8696  29592211.5533         0.0000         0.0000       29577286.9457         0.0000  29577286.9457  29577286.9457         0.0000

MINIMIZER RESTARTING CONJUGATE GRADIENT ALGORITHM DUE TO POOR PROGRESS
LINE MINIMIZER REDUCING GRADIENT FROM 1.18118e+09 TO 1.18118e+06
ENERGY:      35       459.3331       326.2296       800.3042        12.7064         -23218.7088      6797.9311  29435802.1538         0.0000         0.0000       29420979.9493         0.0000  29420979.9493  29420979.9493         0.0000

MINIMIZER RESTARTING CONJUGATE GRADIENT ALGORITHM DUE TO POOR PROGRESS
LINE MINIMIZER REDUCING GRADIENT FROM 1.17486e+09 TO 1.17486e+06
ENERGY:      36       475.7148       335.2193       800.4015        13.0575         -23341.7868      7002.1606  29279786.0357         0.0000         0.0000       29265070.8025         0.0000  29265070.8025  29265070.8025         0.0000

MINIMIZER RESTARTING CONJUGATE GRADIENT ALGORITHM DUE TO POOR PROGRESS
LINE MINIMIZER REDUCING GRADIENT FROM 1.16854e+09 TO 1.16854e+06
ENERGY:      37       492.2662       344.4589       800.5133        13.4135         -23465.0702      7210.5958  29124164.3934         0.0000         0.0000       29109560.5709         0.0000  29109560.5709  29109560.5709         0.0000

MINIMIZER RESTARTING CONJUGATE GRADIENT ALGORITHM DUE TO POOR PROGRESS
LINE MINIMIZER REDUCING GRADIENT FROM 1.16224e+09 TO 1.16224e+06
ENERGY:      38       508.9889       353.9469       800.6418        13.7751         -23588.3912      7423.2953  28968934.6727         0.0000         0.0000       28954446.9294         0.0000  28954446.9294  28954446.9294         0.0000

MINIMIZER RESTARTING CONJUGATE GRADIENT ALGORITHM DUE TO POOR PROGRESS
LINE MINIMIZER REDUCING GRADIENT FROM 1.15596e+09 TO 1.15596e+06
ENERGY:      39       525.8840       363.6878       800.7864        14.1427         -23711.9107      7640.3063  28814098.6156         0.0000         0.0000       28799731.5122         0.0000  28799731.5122  28799731.5122         0.0000

MINIMIZER RESTARTING CONJUGATE GRADIENT ALGORITHM DUE TO POOR PROGRESS
LINE MINIMIZER REDUCING GRADIENT FROM 1.14969e+09 TO 1.14969e+06
ETITLE:      TS           BOND          ANGLE          DIHED          IMPRP               ELECT            VDW       BOUNDARY           MISC        KINETIC               TOTAL           TEMP      POTENTIAL         TOTAL3        TEMPAVG

ENERGY:      40       542.9510       373.6797       800.9478        14.5171         -23835.3644      7861.6433  28659673.6335         0.0000         0.0000       28645432.0080         0.0000  28645432.0080  28645432.0080         0.0000

MINIMIZER RESTARTING CONJUGATE GRADIENT ALGORITHM DUE TO POOR PROGRESS
LINE MINIMIZER REDUCING GRADIENT FROM 1.14344e+09 TO 1.14344e+06
ENERGY:      41       560.1915       383.9207       801.1298        14.9013         -23958.9925      8087.3540  28505662.6883         0.0000         0.0000       28491551.1931         0.0000  28491551.1931  28491551.1931         0.0000

MINIMIZER RESTARTING CONJUGATE GRADIENT ALGORITHM DUE TO POOR PROGRESS
LINE MINIMIZER REDUCING GRADIENT FROM 1.1372e+09 TO 1.1372e+06
ENERGY:      42       577.6068       394.4154       801.3292        15.2929         -24082.5493      8317.4803  28352062.6413         0.0000         0.0000       28338086.2166         0.0000  28338086.2166  28338086.2166         0.0000

MINIMIZER RESTARTING CONJUGATE GRADIENT ALGORITHM DUE TO POOR PROGRESS
LINE MINIMIZER REDUCING GRADIENT FROM 1.13098e+09 TO 1.13098e+06
ENERGY:      43       595.1986       405.1893       801.5522        15.6923         -24206.2157      8551.8724  28198877.2778         0.0000         0.0000       28185040.5669         0.0000  28185040.5669  28185040.5669         0.0000

MINIMIZER RESTARTING CONJUGATE GRADIENT ALGORITHM DUE TO POOR PROGRESS
LINE MINIMIZER REDUCING GRADIENT FROM 1.12477e+09 TO 1.12477e+06
ENERGY:      44       612.9649       416.2102       801.3934        16.0954         -24329.7851      8790.7937  28046101.8088         0.0000         0.0000       28032409.4811         0.0000  28032409.4811  28032409.4811         0.0000

MINIMIZER RESTARTING CONJUGATE GRADIENT ALGORITHM DUE TO POOR PROGRESS
LINE MINIMIZER REDUCING GRADIENT FROM 1.11858e+09 TO 1.11858e+06
ENERGY:      45       630.9081       427.4913       801.6526        16.5119         -24453.4157      9034.2556  27893738.7201         0.0000         0.0000       27880196.1240         0.0000  27880196.1240  27880196.1240         0.0000

MINIMIZER RESTARTING CONJUGATE GRADIENT ALGORITHM DUE TO POOR PROGRESS
LINE MINIMIZER REDUCING GRADIENT FROM 1.1124e+09 TO 1.1124e+06
ENERGY:      46       649.0298       439.0329       801.9283        16.9375         -24577.0017      9282.3075  27741785.7732         0.0000         0.0000       27728398.0074         0.0000  27728398.0074  27728398.0074         0.0000

MINIMIZER RESTARTING CONJUGATE GRADIENT ALGORITHM DUE TO POOR PROGRESS
LINE MINIMIZER REDUCING GRADIENT FROM 1.10624e+09 TO 1.10624e+06
ENERGY:      47       667.3328       450.8358       802.2172        17.3677         -24700.6039      9534.9839  27590246.5247         0.0000         0.0000       27577018.6582         0.0000  27577018.6582  27577018.6582         0.0000

MINIMIZER RESTARTING CONJUGATE GRADIENT ALGORITHM DUE TO POOR PROGRESS
LINE MINIMIZER REDUCING GRADIENT FROM 1.1001e+09 TO 1.1001e+06
ENERGY:      48       685.8190       462.9003       802.5313        17.8126         -24824.0920      9792.3241  27439117.4993         0.0000         0.0000       27426054.7945         0.0000  27426054.7945  27426054.7945         0.0000

MINIMIZER RESTARTING CONJUGATE GRADIENT ALGORITHM DUE TO POOR PROGRESS
LINE MINIMIZER REDUCING GRADIENT FROM 1.09397e+09 TO 1.09397e+06
ENERGY:      49       704.4884       475.2285       802.8633        18.2674         -24947.5037     10054.3622  27288402.3595         0.0000         0.0000       27275510.0656         0.0000  27275510.0656  27275510.0656         0.0000

LDB: ============= START OF LOAD BALANCING ============== 6.28144
LDB: ============== END OF LOAD BALANCING =============== 6.28146
LDB: =============== DONE WITH MIGRATION ================ 6.28165
MINIMIZER RESTARTING CONJUGATE GRADIENT ALGORITHM DUE TO POOR PROGRESS
LINE MINIMIZER REDUCING GRADIENT FROM 1.08786e+09 TO 1.08786e+06
Info: Initial time: 1 CPUs 0.124401 s/step 0.719911 days/ns 0.435843 MB memory
ETITLE:      TS           BOND          ANGLE          DIHED          IMPRP               ELECT            VDW       BOUNDARY           MISC        KINETIC               TOTAL           TEMP      POTENTIAL         TOTAL3        TEMPAVG

ENERGY:      50       723.3430       487.8203       803.2079        18.7275         -25070.8994     10321.1453  27138101.5960         0.0000         0.0000       27125384.9405         0.0000  27125384.9405  27125384.9405         0.0000

MINIMIZER RESTARTING CONJUGATE GRADIENT ALGORITHM DUE TO POOR PROGRESS
LINE MINIMIZER REDUCING GRADIENT FROM 1.08176e+09 TO 1.08176e+06
ENERGY:      51       742.3848       500.6778       803.5792        19.2038         -25194.1207     10592.6474  26988211.3927         0.0000         0.0000       26975675.7650         0.0000  26975675.7650  26975675.7650         0.0000

MINIMIZER RESTARTING CONJUGATE GRADIENT ALGORITHM DUE TO POOR PROGRESS
LINE MINIMIZER REDUCING GRADIENT FROM 1.07567e+09 TO 1.07567e+06
ENERGY:      52       761.6143       513.8025       803.9635        19.6861         -25317.1291     10868.9703  26838734.6573         0.0000         0.0000       26826385.5650         0.0000  26826385.5650  26826385.5650         0.0000

MINIMIZER RESTARTING CONJUGATE GRADIENT ALGORITHM DUE TO POOR PROGRESS
LINE MINIMIZER REDUCING GRADIENT FROM 1.06961e+09 TO 1.06961e+06
ENERGY:      53       781.0330       527.2000       804.3721        20.1853         -25439.9682     11150.1120  26689671.6172         0.0000         0.0000       26677514.5514         0.0000  26677514.5514  26677514.5514         0.0000

MINIMIZER RESTARTING CONJUGATE GRADIENT ALGORITHM DUE TO POOR PROGRESS
LINE MINIMIZER REDUCING GRADIENT FROM 1.06355e+09 TO 1.06355e+06
ENERGY:      54       800.6417       540.8643       804.7976        20.6930         -25562.5874     11436.1593  26541020.2703         0.0000         0.0000       26529060.8388         0.0000  26529060.8388  26529060.8388         0.0000

MINIMIZER RESTARTING CONJUGATE GRADIENT ALGORITHM DUE TO POOR PROGRESS
LINE MINIMIZER REDUCING GRADIENT FROM 1.05752e+09 TO 1.05752e+06
ENERGY:      55       820.4438       554.7317       805.2385        21.2155         -25684.9015     11727.1954  26392781.1217         0.0000         0.0000       26381025.0451         0.0000  26381025.0451  26381025.0451         0.0000

MINIMIZER RESTARTING CONJUGATE GRADIENT ALGORITHM DUE TO POOR PROGRESS
LINE MINIMIZER REDUCING GRADIENT FROM 1.0515e+09 TO 1.0515e+06
ENERGY:      56       840.4388       568.8665       805.7080        21.7584         -25807.0132     12023.2003  26244956.5900         0.0000         0.0000       26233409.5489         0.0000  26233409.5489  26233409.5489         0.0000

MINIMIZER RESTARTING CONJUGATE GRADIENT ALGORITHM DUE TO POOR PROGRESS
LINE MINIMIZER REDUCING GRADIENT FROM 1.04549e+09 TO 1.04549e+06
ENERGY:      57       860.6282       583.2702       806.1956        22.3115         -25928.8157     12324.2271  26097544.5415         0.0000         0.0000       26086212.3584         0.0000  26086212.3584  26086212.3584         0.0000

MINIMIZER RESTARTING CONJUGATE GRADIENT ALGORITHM DUE TO POOR PROGRESS
LINE MINIMIZER REDUCING GRADIENT FROM 1.0395e+09 TO 1.0395e+06
ENERGY:      58       881.0145       597.9473       806.7039        22.8802         -26050.2554     12630.2989  25950545.6286         0.0000         0.0000       25939434.2181         0.0000  25939434.2181  25939434.2181         0.0000

MINIMIZER RESTARTING CONJUGATE GRADIENT ALGORITHM DUE TO POOR PROGRESS
LINE MINIMIZER REDUCING GRADIENT FROM 1.03353e+09 TO 1.03353e+06
ENERGY:      59       901.5998       612.8962       807.2405        23.4717         -26171.3587     12941.4617  25803960.7286         0.0000         0.0000       25793076.0399         0.0000  25793076.0399  25793076.0399         0.0000

LDB: ============= START OF LOAD BALANCING ============== 7.54078
LDB: ============== END OF LOAD BALANCING =============== 7.5408
LDB: =============== DONE WITH MIGRATION ================ 7.54093
MINIMIZER RESTARTING CONJUGATE GRADIENT ALGORITHM DUE TO POOR PROGRESS
LINE MINIMIZER REDUCING GRADIENT FROM 1.02757e+09 TO 1.02757e+06
ETITLE:      TS           BOND          ANGLE          DIHED          IMPRP               ELECT            VDW       BOUNDARY           MISC        KINETIC               TOTAL           TEMP      POTENTIAL         TOTAL3        TEMPAVG

ENERGY:      60       922.3842       628.1473       807.8070        24.0849         -26292.2491     13257.7267  25657798.0351         0.0000         0.0000       25647145.9360         0.0000  25647145.9360  25647145.9360         0.0000

MINIMIZER RESTARTING CONJUGATE GRADIENT ALGORITHM DUE TO POOR PROGRESS
LINE MINIMIZER REDUCING GRADIENT FROM 1.02163e+09 TO 1.02163e+06
ENERGY:      61       943.3644       643.6799       808.3930        24.7085         -26412.7955     13579.0588  25512086.2564         0.0000         0.0000       25501672.6656         0.0000  25501672.6656  25501672.6656         0.0000

MINIMIZER RESTARTING CONJUGATE GRADIENT ALGORITHM DUE TO POOR PROGRESS
LINE MINIMIZER REDUCING GRADIENT FROM 1.0157e+09 TO 1.0157e+06
ENERGY:      62       964.5426       659.4773       809.0033        25.3484         -26532.8796     13905.5000  25366822.5280         0.0000         0.0000       25356653.5202         0.0000  25356653.5202  25356653.5202         0.0000

MINIMIZER RESTARTING CONJUGATE GRADIENT ALGORITHM DUE TO POOR PROGRESS
LINE MINIMIZER REDUCING GRADIENT FROM 1.00979e+09 TO 1.00979e+06
ENERGY:      63       985.9192       675.5582       809.6355        26.0056         -26652.4404     14237.0176  25222007.9930         0.0000         0.0000       25212089.6886         0.0000  25212089.6886  25212089.6886         0.0000

MINIMIZER RESTARTING CONJUGATE GRADIENT ALGORITHM DUE TO POOR PROGRESS
LINE MINIMIZER REDUCING GRADIENT FROM 1.0039e+09 TO 1.0039e+06
ENERGY:      64      1007.4962       691.9156       810.2969        26.6828         -26771.6083     14573.7350  25077643.8113         0.0000         0.0000       25067982.3294         0.0000  25067982.3294  25067982.3294         0.0000

MINIMIZER RESTARTING CONJUGATE GRADIENT ALGORITHM DUE TO POOR PROGRESS
LINE MINIMIZER REDUCING GRADIENT FROM 9.98027e+08 TO 998027
ENERGY:      65      1029.2763       708.5530       810.9892        27.3833         -26890.4019     14915.6632  24933729.3235         0.0000         0.0000       24924330.7866         0.0000  24924330.7866  24924330.7866         0.0000

MINIMIZER RESTARTING CONJUGATE GRADIENT ALGORITHM DUE TO POOR PROGRESS
LINE MINIMIZER REDUCING GRADIENT FROM 9.9217e+08 TO 992170
ENERGY:      66      1051.2600       725.4720       811.7021        28.0964         -27008.7664     15262.8268  24790268.4908         0.0000         0.0000       24781139.0817         0.0000  24781139.0817  24781139.0817         0.0000

MINIMIZER RESTARTING CONJUGATE GRADIENT ALGORITHM DUE TO POOR PROGRESS
LINE MINIMIZER REDUCING GRADIENT FROM 9.8633e+08 TO 986330
ENERGY:      67      1073.4492       742.6742       812.4410        28.8277         -27126.4847     15615.2471  24647257.8583         0.0000         0.0000       24638404.0129         0.0000  24638404.0129  24638404.0129         0.0000

MINIMIZER RESTARTING CONJUGATE GRADIENT ALGORITHM DUE TO POOR PROGRESS
LINE MINIMIZER REDUCING GRADIENT FROM 9.80507e+08 TO 980507
ENERGY:      68      1095.8452       760.1544       813.2012        29.5777         -27243.9971     15972.9517  24504704.7771         0.0000         0.0000       24496132.5102         0.0000  24496132.5102  24496132.5102         0.0000

MINIMIZER RESTARTING CONJUGATE GRADIENT ALGORITHM DUE TO POOR PROGRESS
LINE MINIMIZER REDUCING GRADIENT FROM 9.74702e+08 TO 974702
ENERGY:      69      1118.4484       777.9260       813.9785        30.3444         -27360.7490     16335.9617  24362602.5774         0.0000         0.0000       24354318.4874         0.0000  24354318.4874  24354318.4874         0.0000

MINIMIZER RESTARTING CONJUGATE GRADIENT ALGORITHM DUE TO POOR PROGRESS
LINE MINIMIZER REDUCING GRADIENT FROM 9.68913e+08 TO 968913
ETITLE:      TS           BOND          ANGLE          DIHED          IMPRP               ELECT            VDW       BOUNDARY           MISC        KINETIC               TOTAL           TEMP      POTENTIAL         TOTAL3        TEMPAVG

ENERGY:      70      1141.2618       795.9861       814.7823        31.1310         -27477.1704     16704.3387  24220958.1887         0.0000         0.0000       24212968.5181         0.0000  24212968.5181  24212968.5181         0.0000

MINIMIZER RESTARTING CONJUGATE GRADIENT ALGORITHM DUE TO POOR PROGRESS
LINE MINIMIZER REDUCING GRADIENT FROM 9.63142e+08 TO 963142
ENERGY:      71      1164.2868       814.3357       815.6120        31.9385         -27592.5766     17078.0697  24079766.1817         0.0000         0.0000       24072077.8479         0.0000  24072077.8479  24072077.8479         0.0000

MINIMIZER RESTARTING CONJUGATE GRADIENT ALGORITHM DUE TO POOR PROGRESS
LINE MINIMIZER REDUCING GRADIENT FROM 9.57388e+08 TO 957388
ENERGY:      72      1187.5247       832.9737       816.4681        32.7673         -27707.5521     17457.2368  23939030.9351         0.0000         0.0000       23931650.3535         0.0000  23931650.3535  23931650.3535         0.0000

MINIMIZER RESTARTING CONJUGATE GRADIENT ALGORITHM DUE TO POOR PROGRESS
LINE MINIMIZER REDUCING GRADIENT FROM 9.51652e+08 TO 951652
ENERGY:      73      1210.9765       851.9133       817.3567        33.6163         -27821.7602     17841.6933  23798753.8916         0.0000         0.0000       23791687.6875         0.0000  23791687.6875  23791687.6875         0.0000

MINIMIZER RESTARTING CONJUGATE GRADIENT ALGORITHM DUE TO POOR PROGRESS
LINE MINIMIZER REDUCING GRADIENT FROM 9.45933e+08 TO 945933
ENERGY:      74      1234.6421       871.1658       818.2690        34.4872         -27935.0413     18231.4067  23658934.7047         0.0000         0.0000       23652189.6344         0.0000  23652189.6344  23652189.6344         0.0000

MINIMIZER RESTARTING CONJUGATE GRADIENT ALGORITHM DUE TO POOR PROGRESS
LINE MINIMIZER REDUCING GRADIENT FROM 9.40231e+08 TO 940231
ENERGY:      75      1258.5263       890.7581       819.2125        35.3806         -28047.4888     18626.5394  23519576.9370         0.0000         0.0000       23513159.8650         0.0000  23513159.8650  23513159.8650         0.0000

MINIMIZER RESTARTING CONJUGATE GRADIENT ALGORITHM DUE TO POOR PROGRESS
LINE MINIMIZER REDUCING GRADIENT FROM 9.34547e+08 TO 934547
ENERGY:      76      1282.6299       910.6490       820.8119        36.2971         -28158.9805     19027.2394  23380676.2716         0.0000         0.0000       23374594.9184         0.0000  23374594.9184  23374594.9184         0.0000

MINIMIZER RESTARTING CONJUGATE GRADIENT ALGORITHM DUE TO POOR PROGRESS
LINE MINIMIZER REDUCING GRADIENT FROM 9.2888e+08 TO 928880
ENERGY:      77      1306.9435       930.8365       821.8170        37.2443         -28269.6524     19433.5607  23242235.5510         0.0000         0.0000       23236496.3006         0.0000  23236496.3006  23236496.3006         0.0000

MINIMIZER RESTARTING CONJUGATE GRADIENT ALGORITHM DUE TO POOR PROGRESS
LINE MINIMIZER REDUCING GRADIENT FROM 9.2323e+08 TO 923230
ENERGY:      78      1331.4814       951.3228       822.8515        38.2145         -28379.5143     19845.5179  23104257.0528         0.0000         0.0000       23098866.9267         0.0000  23098866.9267  23098866.9267         0.0000

MINIMIZER RESTARTING CONJUGATE GRADIENT ALGORITHM DUE TO POOR PROGRESS
LINE MINIMIZER REDUCING GRADIENT FROM 9.17598e+08 TO 917598
ENERGY:      79      1356.2474       972.1084       823.9161        39.2080         -28488.6431     20263.1910  22966740.0205         0.0000         0.0000       22961706.0481         0.0000  22961706.0481  22961706.0481         0.0000

MINIMIZER RESTARTING CONJUGATE GRADIENT ALGORITHM DUE TO POOR PROGRESS
LINE MINIMIZER REDUCING GRADIENT FROM 9.11983e+08 TO 911983
ETITLE:      TS           BOND          ANGLE          DIHED          IMPRP               ELECT            VDW       BOUNDARY           MISC        KINETIC               TOTAL           TEMP      POTENTIAL         TOTAL3        TEMPAVG

ENERGY:      80      1381.2446       993.2068       824.9985        40.2163         -28596.8562     20686.5562  22829685.2903         0.0000         0.0000       22825014.6566         0.0000  22825014.6566  22825014.6566         0.0000

MINIMIZER RESTARTING CONJUGATE GRADIENT ALGORITHM DUE TO POOR PROGRESS
LINE MINIMIZER REDUCING GRADIENT FROM 9.06387e+08 TO 906387
ENERGY:      81      1406.4793      1014.6084       826.1118        41.2491         -28704.1644     21115.7192  22693092.8066         0.0000         0.0000       22688792.8098         0.0000  22688792.8098  22688792.8098         0.0000

MINIMIZER RESTARTING CONJUGATE GRADIENT ALGORITHM DUE TO POOR PROGRESS
LINE MINIMIZER REDUCING GRADIENT FROM 9.00807e+08 TO 900807
ENERGY:      82      1431.9541      1036.3212       827.2489        42.3071         -28810.4793     21550.6822  22556966.9131         0.0000         0.0000       22553044.9473         0.0000  22553044.9473  22553044.9473         0.0000

MINIMIZER RESTARTING CONJUGATE GRADIENT ALGORITHM DUE TO POOR PROGRESS
LINE MINIMIZER REDUCING GRADIENT FROM 8.95245e+08 TO 895245
ENERGY:      83      1457.6780      1058.3435       828.4176        43.3908         -28915.7913     21991.5149  22421305.0814         0.0000         0.0000       22417768.6348         0.0000  22417768.6348  22417768.6348         0.0000

MINIMIZER RESTARTING CONJUGATE GRADIENT ALGORITHM DUE TO POOR PROGRESS
LINE MINIMIZER REDUCING GRADIENT FROM 8.89701e+08 TO 889701
ENERGY:      84      1483.6535      1080.6654       829.6176        44.5010         -29020.1689     22438.2730  22286109.1983         0.0000         0.0000       22282965.7398         0.0000  22282965.7398  22282965.7398         0.0000

MINIMIZER RESTARTING CONJUGATE GRADIENT ALGORITHM DUE TO POOR PROGRESS
LINE MINIMIZER REDUCING GRADIENT FROM 8.84174e+08 TO 884174
ENERGY:      85      1509.8836      1103.2701       830.8514        45.6383         -29123.5652     22890.6474  22151381.6990         0.0000         0.0000       22148638.4245         0.0000  22148638.4245  22148638.4245         0.0000

MINIMIZER RESTARTING CONJUGATE GRADIENT ALGORITHM DUE TO POOR PROGRESS
LINE MINIMIZER REDUCING GRADIENT FROM 8.78665e+08 TO 878665
ENERGY:      86      1536.3536      1126.2156       832.1181        46.8036         -29225.9033     23348.9258  22017122.3234         0.0000         0.0000       22014786.8368         0.0000  22014786.8368  22014786.8368         0.0000

MINIMIZER RESTARTING CONJUGATE GRADIENT ALGORITHM DUE TO POOR PROGRESS
LINE MINIMIZER REDUCING GRADIENT FROM 8.73174e+08 TO 873174
ENERGY:      87      1563.0709      1149.4763       833.4078        47.9974         -29327.0961     23812.5294  21883330.9028         0.0000         0.0000       21881410.2884         0.0000  21881410.2884  21881410.2884         0.0000

MINIMIZER RESTARTING CONJUGATE GRADIENT ALGORITHM DUE TO POOR PROGRESS
LINE MINIMIZER REDUCING GRADIENT FROM 8.677e+08 TO 867700
ENERGY:      88      1590.0219      1173.0835       834.7330        49.2199         -29427.3891     24282.2759  21750011.4465         0.0000         0.0000       21748513.3916         0.0000  21748513.3916  21748513.3916         0.0000

MINIMIZER RESTARTING CONJUGATE GRADIENT ALGORITHM DUE TO POOR PROGRESS
LINE MINIMIZER REDUCING GRADIENT FROM 8.62244e+08 TO 862244
ENERGY:      89      1617.2223      1197.0119       836.0922        50.4719         -29526.5534     24758.0166  21617164.7199         0.0000         0.0000       21616096.9814         0.0000  21616096.9814  21616096.9814         0.0000

MINIMIZER RESTARTING CONJUGATE GRADIENT ALGORITHM DUE TO POOR PROGRESS
LINE MINIMIZER REDUCING GRADIENT FROM 8.56806e+08 TO 856806
ETITLE:      TS           BOND          ANGLE          DIHED          IMPRP               ELECT            VDW       BOUNDARY           MISC        KINETIC               TOTAL           TEMP      POTENTIAL         TOTAL3        TEMPAVG

ENERGY:      90      1644.6803      1221.2730       837.4854        51.7526         -29624.5397     25239.9624  21484786.9212         0.0000         0.0000       21484157.5355         0.0000  21484157.5355  21484157.5355         0.0000

MINIMIZER RESTARTING CONJUGATE GRADIENT ALGORITHM DUE TO POOR PROGRESS
LINE MINIMIZER REDUCING GRADIENT FROM 8.51386e+08 TO 851386
ENERGY:      91      1672.4063      1245.8637       838.9126        53.0626         -29721.3561     25728.1871  21352877.6235         0.0000         0.0000       21352694.6998         0.0000  21352694.6998  21352694.6998         0.0000

MINIMIZER RESTARTING CONJUGATE GRADIENT ALGORITHM DUE TO POOR PROGRESS
LINE MINIMIZER REDUCING GRADIENT FROM 8.45983e+08 TO 845983
ENERGY:      92      1700.4110      1270.7819       840.3744        54.4025         -29817.0106     26222.7001  21221441.3120         0.0000         0.0000       21221712.9712         0.0000  21221712.9712  21221712.9712         0.0000

MINIMIZER RESTARTING CONJUGATE GRADIENT ALGORITHM DUE TO POOR PROGRESS
LINE MINIMIZER REDUCING GRADIENT FROM 8.40598e+08 TO 840598
ENERGY:      93      1728.7040      1295.9995       841.8683        55.7734         -29911.4522     26723.4721  21090478.9891         0.0000         0.0000       21091213.3542         0.0000  21091213.3542  21091213.3542         0.0000

MINIMIZER RESTARTING CONJUGATE GRADIENT ALGORITHM DUE TO POOR PROGRESS
LINE MINIMIZER REDUCING GRADIENT FROM 8.35232e+08 TO 835232
ENERGY:      94      1757.2970      1321.5823       843.3865        57.1765         -30004.5412     27229.6438  20959989.5565         0.0000         0.0000       20961194.1015         0.0000  20961194.1015  20961194.1015         0.0000

MINIMIZER RESTARTING CONJUGATE GRADIENT ALGORITHM DUE TO POOR PROGRESS
LINE MINIMIZER REDUCING GRADIENT FROM 8.29882e+08 TO 829882
ENERGY:      95      1786.1660      1347.4610       844.9276        58.6103         -30096.2244     27742.9163  20829972.5924         0.0000         0.0000       20831656.4493         0.0000  20831656.4493  20831656.4493         0.0000

MINIMIZER RESTARTING CONJUGATE GRADIENT ALGORITHM DUE TO POOR PROGRESS
LINE MINIMIZER REDUCING GRADIENT FROM 8.24552e+08 TO 824552
ENERGY:      96      1815.3537      1373.6796       846.5091        60.0752         -30186.5514     28262.5840  20700428.3285         0.0000         0.0000       20702599.9787         0.0000  20702599.9787  20702599.9787         0.0000

MINIMIZER RESTARTING CONJUGATE GRADIENT ALGORITHM DUE TO POOR PROGRESS
LINE MINIMIZER REDUCING GRADIENT FROM 8.19238e+08 TO 819238
ENERGY:      97      1844.8671      1400.2671       848.1268        61.5720         -30275.4093     28787.9396  20571360.3360         0.0000         0.0000       20574027.6992         0.0000  20574027.6992  20574027.6992         0.0000

MINIMIZER RESTARTING CONJUGATE GRADIENT ALGORITHM DUE TO POOR PROGRESS
LINE MINIMIZER REDUCING GRADIENT FROM 8.13943e+08 TO 813943
ENERGY:      98      1874.6832      1427.1808       849.7711        63.1008         -30362.7257     29320.1486  20442767.6023         0.0000         0.0000       20445939.7611         0.0000  20445939.7611  20445939.7611         0.0000

MINIMIZER RESTARTING CONJUGATE GRADIENT ALGORITHM DUE TO POOR PROGRESS
LINE MINIMIZER REDUCING GRADIENT FROM 8.08666e+08 TO 808666
ENERGY:      99      1904.8602      1454.3826       851.4599        64.6627         -30448.6842     29858.9007  20314653.1968         0.0000         0.0000       20318338.7786         0.0000  20318338.7786  20318338.7786         0.0000

LDB: ============= START OF LOAD BALANCING ============== 12.6805
LDB: ============== END OF LOAD BALANCING =============== 12.6806
LDB: =============== DONE WITH MIGRATION ================ 12.6807
MINIMIZER RESTARTING CONJUGATE GRADIENT ALGORITHM DUE TO POOR PROGRESS
LINE MINIMIZER REDUCING GRADIENT FROM 8.03407e+08 TO 803407
Info: Initial time: 1 CPUs 0.128008 s/step 0.740789 days/ns 0.435843 MB memory
ETITLE:      TS           BOND          ANGLE          DIHED          IMPRP               ELECT            VDW       BOUNDARY           MISC        KINETIC               TOTAL           TEMP      POTENTIAL         TOTAL3        TEMPAVG

ENERGY:     100      1904.8602      1454.3826       851.4599        64.6627         -30448.6842     29858.9007  20314653.1968         0.0000         0.0000       20318338.7786         0.0000  20318338.7786  20318338.7786         0.0000

REINITIALIZING VELOCITIES AT STEP 100 TO 310 KELVIN.
TCL: Running for 10000 steps
ENERGY:     100      1904.8602      1454.3826       851.4599        64.6627         -30448.6842     29858.9007  20314653.1968         0.0000     11885.4631       20330224.2417       780.5086  20318338.7786  20252242.8903       780.5086

ERROR: Constraint failure in RATTLE algorithm for atom 666!
ERROR: Constraint failure; simulation has become unstable.
FATAL ERROR: Exiting prematurely; see error messages above.
[Partition 0][Node 0] End of program
